<?xml version="1.0" encoding="UTF-8"?>
<!-- Generated by org.testng.reporters.JUnitXMLReporter -->
<testsuite ignored="3" hostname="f7a914b3fb6f" failures="2" tests="2" name="Coupon Tests - Group B" time="0.018" errors="0" timestamp="2025-07-15T13:06:46 GMT">
  <testcase classname="com.example.booking.tests.E2E_Booking_Test" name="test_gatewayWithPartialCoupon" time="0.014">
    <failure type="java.lang.AssertionError" message="Test failed: Failed to get free slots">
      <![CDATA[java.lang.AssertionError: Test failed: Failed to get free slots
at com.example.booking.tests.E2E_Booking_Test.test_gatewayWithPartialCoupon(E2E_Booking_Test.java:242)
at java.base/java.util.concurrent.ThreadPoolExecutor.runWorker(ThreadPoolExecutor.java:1144)
at java.base/java.util.concurrent.ThreadPoolExecutor$Worker.run(ThreadPoolExecutor.java:642)
at java.base/java.lang.Thread.run(Thread.java:1583)
... Removed 11 stack frames]]>
    </failure>
  </testcase> <!-- test_gatewayWithPartialCoupon -->
  <testcase classname="com.example.booking.tests.E2E_Booking_Test" name="test_100PercentCoupon" time="0.011">
    <failure type="java.lang.AssertionError" message="Test failed: Failed to get free slots">
      <![CDATA[java.lang.AssertionError: Test failed: Failed to get free slots
at com.example.booking.tests.E2E_Booking_Test.test_100PercentCoupon(E2E_Booking_Test.java:289)
at java.base/java.util.concurrent.ThreadPoolExecutor.runWorker(ThreadPoolExecutor.java:1144)
at java.base/java.util.concurrent.ThreadPoolExecutor$Worker.run(ThreadPoolExecutor.java:642)
at java.base/java.lang.Thread.run(Thread.java:1583)
... Removed 11 stack frames]]>
    </failure>
  </testcase> <!-- test_100PercentCoupon -->
  <testcase classname="com.example.booking.tests.E2E_Booking_Test" name="test_fawryGatewayWithoutCoupon" time="0.0">
    <ignored/>
  </testcase> <!-- test_fawryGatewayWithoutCoupon -->
  <testcase classname="com.example.booking.tests.E2E_Booking_Test" name="test_paymobGatewayWithoutCoupon" time="0.0">
    <ignored/>
  </testcase> <!-- test_paymobGatewayWithoutCoupon -->
  <testcase classname="com.example.booking.tests.E2E_Booking_Test" name="test_stripeGatewayWithoutCoupon" time="0.0">
    <ignored/>
  </testcase> <!-- test_stripeGatewayWithoutCoupon -->
</testsuite> <!-- Coupon Tests - Group B -->
