<?xml version="1.0" encoding="UTF-8"?>
<!-- Generated by org.testng.reporters.JUnitXMLReporter -->
<testsuite ignored="2" hostname="f7a914b3fb6f" failures="3" tests="3" name="Gateway Tests - Group A" time="0.776" errors="0" timestamp="2025-07-15T13:06:46 GMT">
  <testcase classname="com.example.booking.tests.E2E_Booking_Test" name="test_stripeGatewayWithoutCoupon" time="0.723">
    <failure type="java.lang.AssertionError" message="Test failed: Failed to get free slots">
      <![CDATA[java.lang.AssertionError: Test failed: Failed to get free slots
at com.example.booking.tests.E2E_Booking_Test.test_stripeGatewayWithoutCoupon(E2E_Booking_Test.java:99)
at java.base/java.util.concurrent.ThreadPoolExecutor.runWorker(ThreadPoolExecutor.java:1144)
at java.base/java.util.concurrent.ThreadPoolExecutor$Worker.run(ThreadPoolExecutor.java:642)
at java.base/java.lang.Thread.run(Thread.java:1583)
... Removed 11 stack frames]]>
    </failure>
  </testcase> <!-- test_stripeGatewayWithoutCoupon -->
  <testcase classname="com.example.booking.tests.E2E_Booking_Test" name="test_paymobGatewayWithoutCoupon" time="0.723">
    <failure type="java.lang.AssertionError" message="Test failed: Failed to get free slots">
      <![CDATA[java.lang.AssertionError: Test failed: Failed to get free slots
at com.example.booking.tests.E2E_Booking_Test.test_paymobGatewayWithoutCoupon(E2E_Booking_Test.java:145)
at java.base/java.util.concurrent.ThreadPoolExecutor.runWorker(ThreadPoolExecutor.java:1144)
at java.base/java.util.concurrent.ThreadPoolExecutor$Worker.run(ThreadPoolExecutor.java:642)
at java.base/java.lang.Thread.run(Thread.java:1583)
... Removed 11 stack frames]]>
    </failure>
  </testcase> <!-- test_paymobGatewayWithoutCoupon -->
  <testcase classname="com.example.booking.tests.E2E_Booking_Test" name="test_fawryGatewayWithoutCoupon" time="0.011">
    <failure type="java.lang.AssertionError" message="Test failed: Failed to get free slots">
      <![CDATA[java.lang.AssertionError: Test failed: Failed to get free slots
at com.example.booking.tests.E2E_Booking_Test.test_fawryGatewayWithoutCoupon(E2E_Booking_Test.java:191)
at java.base/java.util.concurrent.ThreadPoolExecutor.runWorker(ThreadPoolExecutor.java:1144)
at java.base/java.util.concurrent.ThreadPoolExecutor$Worker.run(ThreadPoolExecutor.java:642)
at java.base/java.lang.Thread.run(Thread.java:1583)
... Removed 11 stack frames]]>
    </failure>
  </testcase> <!-- test_fawryGatewayWithoutCoupon -->
  <testcase classname="com.example.booking.tests.E2E_Booking_Test" name="test_100PercentCoupon" time="0.0">
    <ignored/>
  </testcase> <!-- test_100PercentCoupon -->
  <testcase classname="com.example.booking.tests.E2E_Booking_Test" name="test_gatewayWithPartialCoupon" time="0.0">
    <ignored/>
  </testcase> <!-- test_gatewayWithPartialCoupon -->
</testsuite> <!-- Gateway Tests - Group A -->
