<?xml version="1.0" encoding="UTF-8"?>
<testng-results ignored="0" total="5" passed="0" failed="5" skipped="0">
  <reporter-output>
  </reporter-output>
  <suite started-at="2025-07-15T13:06:45 GMT" name="BookingAutomationSuite" finished-at="2025-07-15T13:06:46 GMT" duration-ms="818">
    <groups>
      <group name="coupon">
        <method signature="E2E_Booking_Test.test_100PercentCoupon()[pri:0, instance:com.example.booking.tests.E2E_Booking_Test@49d3c823]" name="test_100PercentCoupon" class="com.example.booking.tests.E2E_Booking_Test"/>
        <method signature="E2E_Booking_Test.test_gatewayWithPartialCoupon()[pri:0, instance:com.example.booking.tests.E2E_Booking_Test@49d3c823]" name="test_gatewayWithPartialCoupon" class="com.example.booking.tests.E2E_Booking_Test"/>
      </group> <!-- coupon -->
      <group name="paymob">
        <method signature="E2E_Booking_Test.test_paymobGatewayWithoutCoupon()[pri:0, instance:com.example.booking.tests.E2E_Booking_Test@15dcfae7]" name="test_paymobGatewayWithoutCoupon" class="com.example.booking.tests.E2E_Booking_Test"/>
      </group> <!-- paymob -->
      <group name="stripe">
        <method signature="E2E_Booking_Test.test_stripeGatewayWithoutCoupon()[pri:0, instance:com.example.booking.tests.E2E_Booking_Test@15dcfae7]" name="test_stripeGatewayWithoutCoupon" class="com.example.booking.tests.E2E_Booking_Test"/>
      </group> <!-- stripe -->
      <group name="fawry">
        <method signature="E2E_Booking_Test.test_fawryGatewayWithoutCoupon()[pri:0, instance:com.example.booking.tests.E2E_Booking_Test@15dcfae7]" name="test_fawryGatewayWithoutCoupon" class="com.example.booking.tests.E2E_Booking_Test"/>
      </group> <!-- fawry -->
      <group name="partial">
        <method signature="E2E_Booking_Test.test_gatewayWithPartialCoupon()[pri:0, instance:com.example.booking.tests.E2E_Booking_Test@49d3c823]" name="test_gatewayWithPartialCoupon" class="com.example.booking.tests.E2E_Booking_Test"/>
      </group> <!-- partial -->
      <group name="gateway">
        <method signature="E2E_Booking_Test.test_fawryGatewayWithoutCoupon()[pri:0, instance:com.example.booking.tests.E2E_Booking_Test@15dcfae7]" name="test_fawryGatewayWithoutCoupon" class="com.example.booking.tests.E2E_Booking_Test"/>
        <method signature="E2E_Booking_Test.test_paymobGatewayWithoutCoupon()[pri:0, instance:com.example.booking.tests.E2E_Booking_Test@15dcfae7]" name="test_paymobGatewayWithoutCoupon" class="com.example.booking.tests.E2E_Booking_Test"/>
        <method signature="E2E_Booking_Test.test_stripeGatewayWithoutCoupon()[pri:0, instance:com.example.booking.tests.E2E_Booking_Test@15dcfae7]" name="test_stripeGatewayWithoutCoupon" class="com.example.booking.tests.E2E_Booking_Test"/>
      </group> <!-- gateway -->
      <group name="full">
        <method signature="E2E_Booking_Test.test_100PercentCoupon()[pri:0, instance:com.example.booking.tests.E2E_Booking_Test@49d3c823]" name="test_100PercentCoupon" class="com.example.booking.tests.E2E_Booking_Test"/>
      </group> <!-- full -->
    </groups>
    <test started-at="2025-07-15T13:06:45 GMT" name="Gateway Tests - Group A" finished-at="2025-07-15T13:06:46 GMT" duration-ms="776">
      <class name="com.example.booking.tests.E2E_Booking_Test">
        <test-method signature="test_stripeGatewayWithoutCoupon()[pri:0, instance:com.example.booking.tests.E2E_Booking_Test@15dcfae7]" started-at="2025-07-15T13:06:45 GMT" name="test_stripeGatewayWithoutCoupon" description="Group A: Stripe Gateway without Coupon" finished-at="2025-07-15T13:06:46 GMT" duration-ms="723" status="FAIL">
          <exception class="java.lang.AssertionError">
            <message>
              <![CDATA[Test failed: Failed to get free slots]]>
            </message>
            <full-stacktrace>
              <![CDATA[java.lang.AssertionError: Test failed: Failed to get free slots
at org.testng.Assert.fail(Assert.java:111)
at com.example.booking.tests.E2E_Booking_Test.test_stripeGatewayWithoutCoupon(E2E_Booking_Test.java:99)
at java.base/jdk.internal.reflect.DirectMethodHandleAccessor.invoke(DirectMethodHandleAccessor.java:103)
at java.base/java.lang.reflect.Method.invoke(Method.java:580)
at org.testng.internal.invokers.MethodInvocationHelper.invokeMethod(MethodInvocationHelper.java:139)
at org.testng.internal.invokers.TestInvoker.invokeMethod(TestInvoker.java:664)
at org.testng.internal.invokers.TestInvoker.invokeTestMethod(TestInvoker.java:227)
at org.testng.internal.invokers.MethodRunner.runInSequence(MethodRunner.java:50)
at org.testng.internal.invokers.TestInvoker$MethodInvocationAgent.invoke(TestInvoker.java:957)
at org.testng.internal.invokers.TestInvoker.invokeTestMethods(TestInvoker.java:200)
at org.testng.internal.invokers.TestMethodWorker.invokeTestMethods(TestMethodWorker.java:148)
at org.testng.internal.invokers.TestMethodWorker.run(TestMethodWorker.java:128)
at java.base/java.util.concurrent.ThreadPoolExecutor.runWorker(ThreadPoolExecutor.java:1144)
at java.base/java.util.concurrent.ThreadPoolExecutor$Worker.run(ThreadPoolExecutor.java:642)
at java.base/java.lang.Thread.run(Thread.java:1583)
]]>
            </full-stacktrace>
          </exception> <!-- java.lang.AssertionError -->
          <reporter-output>
          </reporter-output>
        </test-method> <!-- test_stripeGatewayWithoutCoupon -->
        <test-method signature="test_paymobGatewayWithoutCoupon()[pri:0, instance:com.example.booking.tests.E2E_Booking_Test@15dcfae7]" started-at="2025-07-15T13:06:45 GMT" name="test_paymobGatewayWithoutCoupon" description="Group A: Paymob Gateway without Coupon" finished-at="2025-07-15T13:06:46 GMT" duration-ms="723" status="FAIL">
          <exception class="java.lang.AssertionError">
            <message>
              <![CDATA[Test failed: Failed to get free slots]]>
            </message>
            <full-stacktrace>
              <![CDATA[java.lang.AssertionError: Test failed: Failed to get free slots
at org.testng.Assert.fail(Assert.java:111)
at com.example.booking.tests.E2E_Booking_Test.test_paymobGatewayWithoutCoupon(E2E_Booking_Test.java:145)
at java.base/jdk.internal.reflect.DirectMethodHandleAccessor.invoke(DirectMethodHandleAccessor.java:103)
at java.base/java.lang.reflect.Method.invoke(Method.java:580)
at org.testng.internal.invokers.MethodInvocationHelper.invokeMethod(MethodInvocationHelper.java:139)
at org.testng.internal.invokers.TestInvoker.invokeMethod(TestInvoker.java:664)
at org.testng.internal.invokers.TestInvoker.invokeTestMethod(TestInvoker.java:227)
at org.testng.internal.invokers.MethodRunner.runInSequence(MethodRunner.java:50)
at org.testng.internal.invokers.TestInvoker$MethodInvocationAgent.invoke(TestInvoker.java:957)
at org.testng.internal.invokers.TestInvoker.invokeTestMethods(TestInvoker.java:200)
at org.testng.internal.invokers.TestMethodWorker.invokeTestMethods(TestMethodWorker.java:148)
at org.testng.internal.invokers.TestMethodWorker.run(TestMethodWorker.java:128)
at java.base/java.util.concurrent.ThreadPoolExecutor.runWorker(ThreadPoolExecutor.java:1144)
at java.base/java.util.concurrent.ThreadPoolExecutor$Worker.run(ThreadPoolExecutor.java:642)
at java.base/java.lang.Thread.run(Thread.java:1583)
]]>
            </full-stacktrace>
          </exception> <!-- java.lang.AssertionError -->
          <reporter-output>
          </reporter-output>
        </test-method> <!-- test_paymobGatewayWithoutCoupon -->
        <test-method signature="test_fawryGatewayWithoutCoupon()[pri:0, instance:com.example.booking.tests.E2E_Booking_Test@15dcfae7]" started-at="2025-07-15T13:06:46 GMT" name="test_fawryGatewayWithoutCoupon" description="Group A: Fawry Gateway without Coupon" finished-at="2025-07-15T13:06:46 GMT" duration-ms="11" status="FAIL">
          <exception class="java.lang.AssertionError">
            <message>
              <![CDATA[Test failed: Failed to get free slots]]>
            </message>
            <full-stacktrace>
              <![CDATA[java.lang.AssertionError: Test failed: Failed to get free slots
at org.testng.Assert.fail(Assert.java:111)
at com.example.booking.tests.E2E_Booking_Test.test_fawryGatewayWithoutCoupon(E2E_Booking_Test.java:191)
at java.base/jdk.internal.reflect.DirectMethodHandleAccessor.invoke(DirectMethodHandleAccessor.java:103)
at java.base/java.lang.reflect.Method.invoke(Method.java:580)
at org.testng.internal.invokers.MethodInvocationHelper.invokeMethod(MethodInvocationHelper.java:139)
at org.testng.internal.invokers.TestInvoker.invokeMethod(TestInvoker.java:664)
at org.testng.internal.invokers.TestInvoker.invokeTestMethod(TestInvoker.java:227)
at org.testng.internal.invokers.MethodRunner.runInSequence(MethodRunner.java:50)
at org.testng.internal.invokers.TestInvoker$MethodInvocationAgent.invoke(TestInvoker.java:957)
at org.testng.internal.invokers.TestInvoker.invokeTestMethods(TestInvoker.java:200)
at org.testng.internal.invokers.TestMethodWorker.invokeTestMethods(TestMethodWorker.java:148)
at org.testng.internal.invokers.TestMethodWorker.run(TestMethodWorker.java:128)
at java.base/java.util.concurrent.ThreadPoolExecutor.runWorker(ThreadPoolExecutor.java:1144)
at java.base/java.util.concurrent.ThreadPoolExecutor$Worker.run(ThreadPoolExecutor.java:642)
at java.base/java.lang.Thread.run(Thread.java:1583)
]]>
            </full-stacktrace>
          </exception> <!-- java.lang.AssertionError -->
          <reporter-output>
          </reporter-output>
        </test-method> <!-- test_fawryGatewayWithoutCoupon -->
      </class> <!-- com.example.booking.tests.E2E_Booking_Test -->
    </test> <!-- Gateway Tests - Group A -->
    <test started-at="2025-07-15T13:06:46 GMT" name="Coupon Tests - Group B" finished-at="2025-07-15T13:06:46 GMT" duration-ms="18">
      <class name="com.example.booking.tests.E2E_Booking_Test">
        <test-method signature="test_gatewayWithPartialCoupon()[pri:0, instance:com.example.booking.tests.E2E_Booking_Test@49d3c823]" started-at="2025-07-15T13:06:46 GMT" name="test_gatewayWithPartialCoupon" description="Group B: Gateway with Partial Coupon" finished-at="2025-07-15T13:06:46 GMT" duration-ms="14" status="FAIL">
          <exception class="java.lang.AssertionError">
            <message>
              <![CDATA[Test failed: Failed to get free slots]]>
            </message>
            <full-stacktrace>
              <![CDATA[java.lang.AssertionError: Test failed: Failed to get free slots
at org.testng.Assert.fail(Assert.java:111)
at com.example.booking.tests.E2E_Booking_Test.test_gatewayWithPartialCoupon(E2E_Booking_Test.java:242)
at java.base/jdk.internal.reflect.DirectMethodHandleAccessor.invoke(DirectMethodHandleAccessor.java:103)
at java.base/java.lang.reflect.Method.invoke(Method.java:580)
at org.testng.internal.invokers.MethodInvocationHelper.invokeMethod(MethodInvocationHelper.java:139)
at org.testng.internal.invokers.TestInvoker.invokeMethod(TestInvoker.java:664)
at org.testng.internal.invokers.TestInvoker.invokeTestMethod(TestInvoker.java:227)
at org.testng.internal.invokers.MethodRunner.runInSequence(MethodRunner.java:50)
at org.testng.internal.invokers.TestInvoker$MethodInvocationAgent.invoke(TestInvoker.java:957)
at org.testng.internal.invokers.TestInvoker.invokeTestMethods(TestInvoker.java:200)
at org.testng.internal.invokers.TestMethodWorker.invokeTestMethods(TestMethodWorker.java:148)
at org.testng.internal.invokers.TestMethodWorker.run(TestMethodWorker.java:128)
at java.base/java.util.concurrent.ThreadPoolExecutor.runWorker(ThreadPoolExecutor.java:1144)
at java.base/java.util.concurrent.ThreadPoolExecutor$Worker.run(ThreadPoolExecutor.java:642)
at java.base/java.lang.Thread.run(Thread.java:1583)
]]>
            </full-stacktrace>
          </exception> <!-- java.lang.AssertionError -->
          <reporter-output>
          </reporter-output>
        </test-method> <!-- test_gatewayWithPartialCoupon -->
        <test-method signature="test_100PercentCoupon()[pri:0, instance:com.example.booking.tests.E2E_Booking_Test@49d3c823]" started-at="2025-07-15T13:06:46 GMT" name="test_100PercentCoupon" description="Group B: 100% Coupon" finished-at="2025-07-15T13:06:46 GMT" duration-ms="11" status="FAIL">
          <exception class="java.lang.AssertionError">
            <message>
              <![CDATA[Test failed: Failed to get free slots]]>
            </message>
            <full-stacktrace>
              <![CDATA[java.lang.AssertionError: Test failed: Failed to get free slots
at org.testng.Assert.fail(Assert.java:111)
at com.example.booking.tests.E2E_Booking_Test.test_100PercentCoupon(E2E_Booking_Test.java:289)
at java.base/jdk.internal.reflect.DirectMethodHandleAccessor.invoke(DirectMethodHandleAccessor.java:103)
at java.base/java.lang.reflect.Method.invoke(Method.java:580)
at org.testng.internal.invokers.MethodInvocationHelper.invokeMethod(MethodInvocationHelper.java:139)
at org.testng.internal.invokers.TestInvoker.invokeMethod(TestInvoker.java:664)
at org.testng.internal.invokers.TestInvoker.invokeTestMethod(TestInvoker.java:227)
at org.testng.internal.invokers.MethodRunner.runInSequence(MethodRunner.java:50)
at org.testng.internal.invokers.TestInvoker$MethodInvocationAgent.invoke(TestInvoker.java:957)
at org.testng.internal.invokers.TestInvoker.invokeTestMethods(TestInvoker.java:200)
at org.testng.internal.invokers.TestMethodWorker.invokeTestMethods(TestMethodWorker.java:148)
at org.testng.internal.invokers.TestMethodWorker.run(TestMethodWorker.java:128)
at java.base/java.util.concurrent.ThreadPoolExecutor.runWorker(ThreadPoolExecutor.java:1144)
at java.base/java.util.concurrent.ThreadPoolExecutor$Worker.run(ThreadPoolExecutor.java:642)
at java.base/java.lang.Thread.run(Thread.java:1583)
]]>
            </full-stacktrace>
          </exception> <!-- java.lang.AssertionError -->
          <reporter-output>
          </reporter-output>
        </test-method> <!-- test_100PercentCoupon -->
      </class> <!-- com.example.booking.tests.E2E_Booking_Test -->
    </test> <!-- Coupon Tests - Group B -->
  </suite> <!-- BookingAutomationSuite -->
</testng-results>
